#
# There is insufficient memory for the Java Runtime Environment to continue.
# Native memory allocation (malloc) failed to allocate 1228992 bytes for Chunk::new
# Possible reasons:
#   The system is out of physical RAM or swap space
#   The process is running with CompressedOops enabled, and the Java Heap may be blocking the growth of the native heap
# Possible solutions:
#   Reduce memory load on the system
#   Increase physical memory or swap space
#   Check if swap backing store is full
#   Decrease Java heap size (-Xmx/-Xms)
#   Decrease number of Java threads
#   Decrease Java thread stack sizes (-Xss)
#   Set larger code cache with -XX:ReservedCodeCacheSize=
#   JVM is running with Unscaled Compressed Oops mode in which the Java heap is
#     placed in the first 4GB address space. The Java Heap base address is the
#     maximum limit for the native heap growth. Please use -XX:HeapBaseMinAddress
#     to set the Java Heap base and to place the Java Heap above 4GB virtual address.
# This output file may be truncated or incomplete.
#
#  Out of Memory Error (allocation.cpp:389), pid=23076, tid=0x0000000000004e74
#
# JRE version: OpenJDK Runtime Environment (8.0_202-b03) (build 1.8.0_202-release-1483-b03)
# Java VM: OpenJDK 64-Bit Server VM (25.202-b03 mixed mode windows-amd64 compressed oops)
# Failed to write core dump. Minidumps are not enabled by default on client versions of Windows
#

---------------  T H R E A D  ---------------

Current thread (0x0000000019082000):  JavaThread "C2 CompilerThread2" daemon [_thread_in_native, id=20084, stack(0x0000000019b50000,0x0000000019c50000)]

Stack: [0x0000000019b50000,0x0000000019c50000]
[error occurred during error reporting (printing stack bounds), id 0xc0000005]

Native frames: (J=compiled Java code, j=interpreted, Vv=VM code, C=native code)


Current CompileTask:
C2: 113939 10825       4       org.gradle.api.internal.artifacts.transform.AttributeMatchingVariantSelector::doSelect (431 bytes)


---------------  P R O C E S S  ---------------

Java Threads: ( => current thread )
  0x0000000020d75000 JavaThread "Cache worker for Build Output Cleanup Cache (D:\Users\stapade\Desktop\coding in flow\FragmentBasicKotlin\.gradle\buildOutputCleanup)" [_thread_blocked, id=19532, stack(0x0000000025aa0000,0x0000000025ba0000)]
  0x0000000020d77800 JavaThread "pool-5-thread-1" [_thread_blocked, id=19764, stack(0x00000000259a0000,0x0000000025aa0000)]
  0x0000000020d76000 JavaThread "Build operations Thread 8" [_thread_blocked, id=11892, stack(0x0000000025690000,0x0000000025790000)]
  0x0000000020d74800 JavaThread "Build operations Thread 7" [_thread_blocked, id=20624, stack(0x0000000025590000,0x0000000025690000)]
  0x0000000020d73800 JavaThread "Build operations Thread 6" [_thread_blocked, id=16228, stack(0x0000000025490000,0x0000000025590000)]
  0x0000000020d73000 JavaThread "Build operations Thread 5" [_thread_blocked, id=17304, stack(0x0000000024e70000,0x0000000024f70000)]
  0x0000000020d6b800 JavaThread "Build operations Thread 4" [_thread_blocked, id=3092, stack(0x0000000023f70000,0x0000000024070000)]
  0x0000000020d72000 JavaThread "Build operations Thread 3" [_thread_blocked, id=11340, stack(0x00000000237f0000,0x00000000238f0000)]
  0x0000000020d6a800 JavaThread "Build operations Thread 2" [_thread_blocked, id=1224, stack(0x00000000236f0000,0x00000000237f0000)]
  0x0000000020d71800 JavaThread "Build operations" [_thread_blocked, id=13556, stack(0x00000000235f0000,0x00000000236f0000)]
  0x0000000020d70800 JavaThread "Cache worker for cache directory md-rule (D:\Users\stapade\.gradle\caches\5.4.1\md-rule)" [_thread_blocked, id=15864, stack(0x00000000234f0000,0x00000000235f0000)]
  0x0000000020d69000 JavaThread "Cache worker for cache directory md-supplier (D:\Users\stapade\.gradle\caches\5.4.1\md-supplier)" [_thread_blocked, id=21228, stack(0x00000000233f0000,0x00000000234f0000)]
  0x0000000020d70000 JavaThread "Cache worker for file hash cache (D:\Users\stapade\Desktop\coding in flow\FragmentBasicKotlin\.gradle\5.4.1\fileHashes)" [_thread_blocked, id=14468, stack(0x00000000232f0000,0x00000000233f0000)]
  0x0000000020d6e800 JavaThread "Thread-127" [_thread_blocked, id=22832, stack(0x00000000231f0000,0x00000000232f0000)]
  0x0000000020d68800 JavaThread "Stdin handler" [_thread_blocked, id=23452, stack(0x00000000230f0000,0x00000000231f0000)]
  0x0000000020d6d000 JavaThread "Asynchronous log dispatcher for DefaultDaemonConnection: socket connection from /127.0.0.1:64677 to /127.0.0.1:64717" [_thread_blocked, id=20860, stack(0x0000000021e20000,0x0000000021f20000)]
  0x000000001b5c6800 JavaThread "Cancel handler" [_thread_blocked, id=4752, stack(0x000000001fdd0000,0x000000001fed0000)]
  0x000000001b5c5800 JavaThread "Handler for socket connection from /127.0.0.1:64677 to /127.0.0.1:64717" [_thread_in_native, id=20252, stack(0x000000001c460000,0x000000001c560000)]
  0x0000000020d6a000 JavaThread "Cache worker for file content cache (D:\Users\stapade\.gradle\caches\5.4.1\fileContent)" [_thread_blocked, id=11992, stack(0x0000000024d70000,0x0000000024e70000)]
  0x0000000020d6c000 JavaThread "Memory manager" [_thread_blocked, id=14624, stack(0x0000000024a70000,0x0000000024b70000)]
  0x000000001e2c2000 JavaThread "Cache worker for execution history cache (D:\Users\stapade\.gradle\caches\5.4.1\executionHistory)" [_thread_blocked, id=18276, stack(0x00000000218e0000,0x00000000219e0000)]
  0x000000001b5c1000 JavaThread "Cache worker for journal cache (D:\Users\stapade\.gradle\caches\journal-1)" [_thread_blocked, id=16160, stack(0x000000001d930000,0x000000001da30000)]
  0x000000001b5c0800 JavaThread "File lock request listener" [_thread_in_native, id=14300, stack(0x000000001d830000,0x000000001d930000)]
  0x000000001b5c2000 JavaThread "Cache worker for file hash cache (D:\Users\stapade\.gradle\caches\5.4.1\fileHashes)" [_thread_blocked, id=21368, stack(0x000000001d730000,0x000000001d830000)]
  0x000000001b413800 JavaThread "Daemon worker" [_thread_in_native, id=22736, stack(0x000000001c360000,0x000000001c460000)]
  0x000000001afca000 JavaThread "Daemon" [_thread_blocked, id=18588, stack(0x000000001bd60000,0x000000001be60000)]
  0x000000001b356800 JavaThread "Daemon periodic checks" [_thread_blocked, id=19472, stack(0x000000001bc60000,0x000000001bd60000)]
  0x000000001b344000 JavaThread "Incoming local TCP Connector on port 64677" [_thread_in_native, id=580, stack(0x000000001ba20000,0x000000001bb20000)]
  0x000000001b54d000 JavaThread "Daemon health stats" [_thread_blocked, id=19804, stack(0x000000001b720000,0x000000001b820000)]
  0x000000001910d000 JavaThread "Service Thread" daemon [_thread_blocked, id=19784, stack(0x0000000019d50000,0x0000000019e50000)]
  0x000000001726e000 JavaThread "C1 CompilerThread3" daemon [_thread_blocked, id=17420, stack(0x0000000019c50000,0x0000000019d50000)]
=>0x0000000019082000 JavaThread "C2 CompilerThread2" daemon [_thread_in_native, id=20084, stack(0x0000000019b50000,0x0000000019c50000)]
  0x000000001907f800 JavaThread "C2 CompilerThread1" daemon [_thread_in_native, id=7464, stack(0x0000000019a50000,0x0000000019b50000)]
  0x000000001907c800 JavaThread "C2 CompilerThread0" daemon [_thread_in_native, id=15624, stack(0x0000000019950000,0x0000000019a50000)]
  0x000000001907b000 JavaThread "Attach Listener" daemon [_thread_blocked, id=1740, stack(0x0000000019850000,0x0000000019950000)]
  0x0000000019086800 JavaThread "Signal Dispatcher" daemon [_thread_blocked, id=20768, stack(0x0000000019750000,0x0000000019850000)]
  0x0000000019070800 JavaThread "Finalizer" daemon [_thread_blocked, id=16004, stack(0x0000000019550000,0x0000000019650000)]
  0x0000000003494800 JavaThread "Reference Handler" daemon [_thread_blocked, id=10624, stack(0x0000000019450000,0x0000000019550000)]
  0x000000000321e000 JavaThread "main" [_thread_blocked, id=2148, stack(0x00000000032a0000,0x00000000033a0000)]

Other Threads:
  0x0000000017256800 VMThread [stack: 0x0000000018f50000,0x0000000019050000] [id=6348]
  0x000000001910e000 WatcherThread [stack: 0x0000000019e50000,0x0000000019f50000] [id=6324]

VM state:not at safepoint (normal execution)

VM Mutex/Monitor currently owned by a thread: None

heap address: 0x00000000a0000000, size: 1536 MB, Compressed Oops mode: 32-bit
Narrow klass base: 0x0000000000000000, Narrow klass shift: 3
Compressed class space size: 1073741824 Address: 0x0000000100000000

Heap:
 PSYoungGen      total 174592K, used 46498K [0x00000000e0000000, 0x00000000ed200000, 0x0000000100000000)
  eden space 146432K, 12% used [0x00000000e0000000,0x00000000e11f0338,0x00000000e8f00000)
  from space 28160K, 99% used [0x00000000e8f00000,0x00000000eaa784e0,0x00000000eaa80000)
  to   space 23552K, 0% used [0x00000000eaa80000,0x00000000eaa80000,0x00000000ec180000)
 ParOldGen       total 289792K, used 54030K [0x00000000a0000000, 0x00000000b1b00000, 0x00000000e0000000)
  object space 289792K, 18% used [0x00000000a0000000,0x00000000a34c3a70,0x00000000b1b00000)
 Metaspace       used 76524K, capacity 80058K, committed 80216K, reserved 1118208K
  class space    used 10123K, capacity 10796K, committed 10840K, reserved 1048576K

Card table byte_map: [0x0000000012860000,0x0000000012b70000] byte_map_base: 0x0000000012360000

Marking Bits: (ParMarkBitMap*) 0x0000000077a49f30
 Begin Bits: [0x0000000013570000, 0x0000000014d70000)
 End Bits:   [0x0000000014d70000, 0x0000000016570000)

Polling page: 0x0000000001230000

CodeCache: size=245760Kb used=33428Kb max_used=33471Kb free=212331Kb
 bounds [0x00000000034a0000, 0x0000000005580000, 0x00000000124a0000]
 total_blobs=11126 nmethods=10297 adapters=741
 compilation: enabled

Compilation events (10 events):
Event: 113.920 Thread 0x000000001726e000 11924   !   3       com.android.ide.common.caching.CreatingCache::get (197 bytes)
Event: 113.922 Thread 0x000000001726e000 nmethod 11924 0x00000000055783d0 code [0x00000000055787c0, 0x000000000557b068]
Event: 113.923 Thread 0x000000001726e000 11926   !   3       org.gradle.api.internal.artifacts.ivyservice.ivyresolve.ErrorHandlingArtifactResolver::resolveArtifactsWithType (39 bytes)
Event: 113.923 Thread 0x000000001726e000 nmethod 11926 0x0000000003fea090 code [0x0000000003fea240, 0x0000000003fea6f8]
Event: 113.923 Thread 0x000000001726e000 11927       3       org.gradle.api.internal.artifacts.ivyservice.ivyresolve.RepositoryChainArtifactResolver::resolveArtifactsWithType (61 bytes)
Event: 113.924 Thread 0x000000001726e000 nmethod 11927 0x0000000003b27350 code [0x0000000003b275a0, 0x0000000003b281d8]
Event: 113.925 Thread 0x000000001726e000 11928       3       org.gradle.api.internal.artifacts.ivyservice.ivyresolve.ErrorHandlingModuleComponentRepository$ErrorHandlingModuleComponentRepositoryAccess::resolveArtifactsWithType (27 bytes)
Event: 113.926 Thread 0x000000001726e000 nmethod 11928 0x00000000036b1690 code [0x00000000036b18c0, 0x00000000036b26b8]
Event: 113.926 Thread 0x000000001726e000 11929       3       org.gradle.api.internal.artifacts.ivyservice.ivyresolve.ErrorHandlingModuleComponentRepository$ErrorHandlingModuleComponentRepositoryAccess$$Lambda$449/1544491305::get$Lambda (12 bytes)
Event: 113.927 Thread 0x000000001726e000 nmethod 11929 0x0000000003b20910 code [0x0000000003b20a80, 0x0000000003b20d10]

GC Heap History (10 events):
Event: 28.444 GC heap before
{Heap before GC invocations=14 (full 3):
 PSYoungGen      total 147456K, used 147345K [0x00000000e0000000, 0x00000000ead00000, 0x0000000100000000)
  eden space 135680K, 100% used [0x00000000e0000000,0x00000000e8480000,0x00000000e8480000)
  from space 11776K, 99% used [0x00000000ea180000,0x00000000eace44b8,0x00000000ead00000)
  to   space 19456K, 0% used [0x00000000e8700000,0x00000000e8700000,0x00000000e9a00000)
 ParOldGen       total 289792K, used 34668K [0x00000000a0000000, 0x00000000b1b00000, 0x00000000e0000000)
  object space 289792K, 11% used [0x00000000a0000000,0x00000000a21db1b0,0x00000000b1b00000)
 Metaspace       used 69444K, capacity 71866K, committed 72152K, reserved 1112064K
  class space    used 9180K, capacity 9675K, committed 9688K, reserved 1048576K
Event: 28.461 GC heap after
Heap after GC invocations=14 (full 3):
 PSYoungGen      total 155136K, used 19436K [0x00000000e0000000, 0x00000000ead00000, 0x0000000100000000)
  eden space 135680K, 0% used [0x00000000e0000000,0x00000000e0000000,0x00000000e8480000)
  from space 19456K, 99% used [0x00000000e8700000,0x00000000e99fb100,0x00000000e9a00000)
  to   space 11776K, 0% used [0x00000000ea180000,0x00000000ea180000,0x00000000ead00000)
 ParOldGen       total 289792K, used 37204K [0x00000000a0000000, 0x00000000b1b00000, 0x00000000e0000000)
  object space 289792K, 12% used [0x00000000a0000000,0x00000000a24551c0,0x00000000b1b00000)
 Metaspace       used 69444K, capacity 71866K, committed 72152K, reserved 1112064K
  class space    used 9180K, capacity 9675K, committed 9688K, reserved 1048576K
}
Event: 38.807 GC heap before
{Heap before GC invocations=15 (full 3):
 PSYoungGen      total 155136K, used 155116K [0x00000000e0000000, 0x00000000ead00000, 0x0000000100000000)
  eden space 135680K, 100% used [0x00000000e0000000,0x00000000e8480000,0x00000000e8480000)
  from space 19456K, 99% used [0x00000000e8700000,0x00000000e99fb100,0x00000000e9a00000)
  to   space 11776K, 0% used [0x00000000ea180000,0x00000000ea180000,0x00000000ead00000)
 ParOldGen       total 289792K, used 37204K [0x00000000a0000000, 0x00000000b1b00000, 0x00000000e0000000)
  object space 289792K, 12% used [0x00000000a0000000,0x00000000a24551c0,0x00000000b1b00000)
 Metaspace       used 70202K, capacity 72670K, committed 72792K, reserved 1112064K
  class space    used 9193K, capacity 9695K, committed 9816K, reserved 1048576K
Event: 38.820 GC heap after
Heap after GC invocations=15 (full 3):
 PSYoungGen      total 153600K, used 11765K [0x00000000e0000000, 0x00000000ebd80000, 0x0000000100000000)
  eden space 141824K, 0% used [0x00000000e0000000,0x00000000e0000000,0x00000000e8a80000)
  from space 11776K, 99% used [0x00000000ea180000,0x00000000eacfd4d0,0x00000000ead00000)
  to   space 23552K, 0% used [0x00000000e8a80000,0x00000000e8a80000,0x00000000ea180000)
 ParOldGen       total 289792K, used 43512K [0x00000000a0000000, 0x00000000b1b00000, 0x00000000e0000000)
  object space 289792K, 15% used [0x00000000a0000000,0x00000000a2a7e000,0x00000000b1b00000)
 Metaspace       used 70202K, capacity 72670K, committed 72792K, reserved 1112064K
  class space    used 9193K, capacity 9695K, committed 9816K, reserved 1048576K
}
Event: 112.022 GC heap before
{Heap before GC invocations=16 (full 3):
 PSYoungGen      total 153600K, used 153589K [0x00000000e0000000, 0x00000000ebd80000, 0x0000000100000000)
  eden space 141824K, 100% used [0x00000000e0000000,0x00000000e8a80000,0x00000000e8a80000)
  from space 11776K, 99% used [0x00000000ea180000,0x00000000eacfd4d0,0x00000000ead00000)
  to   space 23552K, 0% used [0x00000000e8a80000,0x00000000e8a80000,0x00000000ea180000)
 ParOldGen       total 289792K, used 43512K [0x00000000a0000000, 0x00000000b1b00000, 0x00000000e0000000)
  object space 289792K, 15% used [0x00000000a0000000,0x00000000a2a7e000,0x00000000b1b00000)
 Metaspace       used 71742K, capacity 74572K, committed 74712K, reserved 1114112K
  class space    used 9363K, capacity 9926K, committed 9944K, reserved 1048576K
Event: 112.036 GC heap after
Heap after GC invocations=16 (full 3):
 PSYoungGen      total 165376K, used 16965K [0x00000000e0000000, 0x00000000ec180000, 0x0000000100000000)
  eden space 141824K, 0% used [0x00000000e0000000,0x00000000e0000000,0x00000000e8a80000)
  from space 23552K, 72% used [0x00000000e8a80000,0x00000000e9b11638,0x00000000ea180000)
  to   space 23552K, 0% used [0x00000000eaa80000,0x00000000eaa80000,0x00000000ec180000)
 ParOldGen       total 289792K, used 43520K [0x00000000a0000000, 0x00000000b1b00000, 0x00000000e0000000)
  object space 289792K, 15% used [0x00000000a0000000,0x00000000a2a80000,0x00000000b1b00000)
 Metaspace       used 71742K, capacity 74572K, committed 74712K, reserved 1114112K
  class space    used 9363K, capacity 9926K, committed 9944K, reserved 1048576K
}
Event: 112.812 GC heap before
{Heap before GC invocations=17 (full 3):
 PSYoungGen      total 165376K, used 158789K [0x00000000e0000000, 0x00000000ec180000, 0x0000000100000000)
  eden space 141824K, 100% used [0x00000000e0000000,0x00000000e8a80000,0x00000000e8a80000)
  from space 23552K, 72% used [0x00000000e8a80000,0x00000000e9b11638,0x00000000ea180000)
  to   space 23552K, 0% used [0x00000000eaa80000,0x00000000eaa80000,0x00000000ec180000)
 ParOldGen       total 289792K, used 43520K [0x00000000a0000000, 0x00000000b1b00000, 0x00000000e0000000)
  object space 289792K, 15% used [0x00000000a0000000,0x00000000a2a80000,0x00000000b1b00000)
 Metaspace       used 74596K, capacity 77614K, committed 77784K, reserved 1116160K
  class space    used 9812K, capacity 10378K, committed 10456K, reserved 1048576K
Event: 112.834 GC heap after
Heap after GC invocations=17 (full 3):
 PSYoungGen      total 169984K, used 23521K [0x00000000e0000000, 0x00000000ed200000, 0x0000000100000000)
  eden space 146432K, 0% used [0x00000000e0000000,0x00000000e0000000,0x00000000e8f00000)
  from space 23552K, 99% used [0x00000000eaa80000,0x00000000ec1784d0,0x00000000ec180000)
  to   space 28160K, 0% used [0x00000000e8f00000,0x00000000e8f00000,0x00000000eaa80000)
 ParOldGen       total 289792K, used 48107K [0x00000000a0000000, 0x00000000b1b00000, 0x00000000e0000000)
  object space 289792K, 16% used [0x00000000a0000000,0x00000000a2efaf58,0x00000000b1b00000)
 Metaspace       used 74596K, capacity 77614K, committed 77784K, reserved 1116160K
  class space    used 9812K, capacity 10378K, committed 10456K, reserved 1048576K
}
Event: 113.757 GC heap before
{Heap before GC invocations=18 (full 3):
 PSYoungGen      total 169984K, used 169953K [0x00000000e0000000, 0x00000000ed200000, 0x0000000100000000)
  eden space 146432K, 100% used [0x00000000e0000000,0x00000000e8f00000,0x00000000e8f00000)
  from space 23552K, 99% used [0x00000000eaa80000,0x00000000ec1784d0,0x00000000ec180000)
  to   space 28160K, 0% used [0x00000000e8f00000,0x00000000e8f00000,0x00000000eaa80000)
 ParOldGen       total 289792K, used 48107K [0x00000000a0000000, 0x00000000b1b00000, 0x00000000e0000000)
  object space 289792K, 16% used [0x00000000a0000000,0x00000000a2efaf58,0x00000000b1b00000)
 Metaspace       used 76064K, capacity 79532K, committed 79704K, reserved 1118208K
  class space    used 10059K, capacity 10715K, committed 10840K, reserved 1048576K
Event: 113.785 GC heap after
Heap after GC invocations=18 (full 3):
 PSYoungGen      total 174592K, used 28129K [0x00000000e0000000, 0x00000000ed200000, 0x0000000100000000)
  eden space 146432K, 0% used [0x00000000e0000000,0x00000000e0000000,0x00000000e8f00000)
  from space 28160K, 99% used [0x00000000e8f00000,0x00000000eaa784e0,0x00000000eaa80000)
  to   space 23552K, 0% used [0x00000000eaa80000,0x00000000eaa80000,0x00000000ec180000)
 ParOldGen       total 289792K, used 54030K [0x00000000a0000000, 0x00000000b1b00000, 0x00000000e0000000)
  object space 289792K, 18% used [0x00000000a0000000,0x00000000a34c3a70,0x00000000b1b00000)
 Metaspace       used 76064K, capacity 79532K, committed 79704K, reserved 1118208K
  class space    used 10059K, capacity 10715K, committed 10840K, reserved 1048576K
}

Deoptimization events (10 events):
Event: 113.321 Thread 0x0000000020d72000 Uncommon trap: reason=bimorphic action=maybe_recompile pc=0x0000000004c89c34 method=com.google.common.cache.LocalCache$Segment.getLiveValue(Lcom/google/common/cache/ReferenceEntry;J)Ljava/lang/Object; @ 21
Event: 113.322 Thread 0x0000000020d73800 Uncommon trap: reason=bimorphic action=maybe_recompile pc=0x0000000004c89c34 method=com.google.common.cache.LocalCache$Segment.getLiveValue(Lcom/google/common/cache/ReferenceEntry;J)Ljava/lang/Object; @ 21
Event: 113.322 Thread 0x0000000020d73000 Uncommon trap: reason=unstable_if action=reinterpret pc=0x0000000003e9cef8 method=com.google.common.util.concurrent.AbstractFuture.releaseWaiters()V @ 22
Event: 113.322 Thread 0x0000000020d6a800 Uncommon trap: reason=bimorphic action=maybe_recompile pc=0x0000000004c89c34 method=com.google.common.cache.LocalCache$Segment.getLiveValue(Lcom/google/common/cache/ReferenceEntry;J)Ljava/lang/Object; @ 21
Event: 113.694 Thread 0x000000001b5c1000 Uncommon trap: reason=unstable_if action=reinterpret pc=0x000000000521ddbc method=java.math.BigInteger.makePositive([B)[I @ 33
Event: 113.696 Thread 0x000000001b5c2000 Uncommon trap: reason=unstable_if action=reinterpret pc=0x0000000003ea6f38 method=java.math.BigInteger.makePositive([B)[I @ 33
Event: 113.797 Thread 0x000000001b413800 Uncommon trap: reason=null_check action=make_not_entrant pc=0x0000000004fe7e88 method=org.gradle.api.internal.attributes.DefaultImmutableAttributes.getIsolatableAttribute(Lorg/gradle/api/attributes/Attribute;)Lorg/gradle/internal/isolation/Isolatable; @ 8
Event: 113.892 Thread 0x000000001b413800 Uncommon trap: reason=bimorphic action=maybe_recompile pc=0x0000000004d11eec method=org.gradle.api.internal.attributes.DefaultAttributesSchema$MergedSchema.matchValue(Lorg/gradle/api/attributes/Attribute;Ljava/lang/Object;Ljava/lang/Object;)Z @ 2
Event: 113.892 Thread 0x000000001b413800 Uncommon trap: reason=bimorphic action=maybe_recompile pc=0x0000000004d11eec method=org.gradle.api.internal.attributes.DefaultAttributesSchema$MergedSchema.matchValue(Lorg/gradle/api/attributes/Attribute;Ljava/lang/Object;Ljava/lang/Object;)Z @ 2
Event: 113.893 Thread 0x000000001b413800 Uncommon trap: reason=bimorphic action=maybe_recompile pc=0x0000000004d11eec method=org.gradle.api.internal.attributes.DefaultAttributesSchema$MergedSchema.matchValue(Lorg/gradle/api/attributes/Attribute;Ljava/lang/Object;Ljava/lang/Object;)Z @ 2

Classes redefined (0 events):
No events

Internal exceptions (10 events):
Event: 113.203 Thread 0x000000001b413800 Exception <a 'java/lang/ClassNotFoundException': org/gradle/internal/extensibility/DefaultExtensionsSchemaBeanInfo> (0x00000000e52eadc0) thrown at [D:\src\AOSP-openjdk-cygwin\jdk8u\hotspot\src\share\vm\classfile\systemDictionary.cpp, line 210]
Event: 113.204 Thread 0x000000001b413800 Exception <a 'java/lang/ClassNotFoundException': org/gradle/internal/extensibility/DefaultExtensionsSchemaCustomizer> (0x00000000e5304040) thrown at [D:\src\AOSP-openjdk-cygwin\jdk8u\hotspot\src\share\vm\classfile\systemDictionary.cpp, line 210]
Event: 113.205 Thread 0x000000001b413800 Exception <a 'java/lang/ClassNotFoundException': org/gradle/internal/extensibility/ExtensionsStorage$ExtensionHolderBeanInfo> (0x00000000e5349668) thrown at [D:\src\AOSP-openjdk-cygwin\jdk8u\hotspot\src\share\vm\classfile\systemDictionary.cpp, line 210]
Event: 113.205 Thread 0x000000001b413800 Exception <a 'java/lang/ClassNotFoundException': org/gradle/internal/extensibility/ExtensionsStorage$ExtensionHolderCustomizer> (0x00000000e5364dd8) thrown at [D:\src\AOSP-openjdk-cygwin\jdk8u\hotspot\src\share\vm\classfile\systemDictionary.cpp, line 210]
Event: 113.210 Thread 0x000000001b413800 Exception <a 'java/lang/ClassNotFoundException': org/gradle/plugins/ide/idea/model/IdeaProject_DecoratedBeanInfo> (0x00000000e53f9d68) thrown at [D:\src\AOSP-openjdk-cygwin\jdk8u\hotspot\src\share\vm\classfile\systemDictionary.cpp, line 210]
Event: 113.211 Thread 0x000000001b413800 Exception <a 'java/lang/ClassNotFoundException': org/gradle/plugins/ide/idea/model/IdeaProjectBeanInfo> (0x00000000e541f4e8) thrown at [D:\src\AOSP-openjdk-cygwin\jdk8u\hotspot\src\share\vm\classfile\systemDictionary.cpp, line 210]
Event: 113.211 Thread 0x000000001b413800 Exception <a 'java/lang/ClassNotFoundException': org/gradle/plugins/ide/idea/model/IdeaProjectCustomizer> (0x00000000e54455b8) thrown at [D:\src\AOSP-openjdk-cygwin\jdk8u\hotspot\src\share\vm\classfile\systemDictionary.cpp, line 210]
Event: 113.212 Thread 0x000000001b413800 Exception <a 'java/lang/ClassNotFoundException': org/gradle/plugins/ide/idea/model/IdeaProject_DecoratedCustomizer> (0x00000000e549dc50) thrown at [D:\src\AOSP-openjdk-cygwin\jdk8u\hotspot\src\share\vm\classfile\systemDictionary.cpp, line 210]
Event: 113.491 Thread 0x000000001b413800 Exception <a 'java/lang/NoSuchMethodError': java.lang.Object.lambda$minBy$0(Ljava/util/Comparator;Ljava/lang/Object;Ljava/lang/Object;)Ljava/lang/Object;> (0x00000000e7d35f68) thrown at [D:\src\AOSP-openjdk-cygwin\jdk8u\hotspot\src\share\vm\interpreter\li
Event: 113.879 Thread 0x000000001b413800 Exception <a 'java/lang/NoSuchMethodError': java.lang.Object.lambda$negate$1(Ljava/lang/Object;)Z> (0x00000000e0ab5850) thrown at [D:\src\AOSP-openjdk-cygwin\jdk8u\hotspot\src\share\vm\interpreter\linkResolver.cpp, line 620]

Events (10 events):
Event: 113.913 Thread 0x000000001726e000 flushing nmethod 0x000000000371ff10
Event: 113.913 Thread 0x000000001726e000 flushing nmethod 0x00000000037d0190
Event: 113.915 Thread 0x000000001726e000 flushing nmethod 0x0000000003b1f990
Event: 113.915 Thread 0x000000001726e000 flushing nmethod 0x0000000003b270d0
Event: 113.915 Thread 0x000000001726e000 flushing nmethod 0x0000000003b2a010
Event: 113.918 Thread 0x000000001726e000 flushing nmethod 0x0000000003fea090
Event: 113.922 Thread 0x000000001726e000 flushing nmethod 0x00000000043c2890
Event: 113.922 Thread 0x000000001726e000 flushing nmethod 0x00000000045a4910
Event: 113.923 Thread 0x000000001726e000 flushing nmethod 0x00000000046d7350
Event: 113.925 Thread 0x000000001726e000 flushing nmethod 0x000000000495d0d0


Dynamic libraries:
0x00007ff651170000 - 0x00007ff6511a1000 	C:\Program Files\Android\Android Studio\jre\bin\java.exe
0x00007ffa399c0000 - 0x00007ffa39bb0000 	C:\Windows\SYSTEM32\ntdll.dll
0x00007ffa38820000 - 0x00007ffa388d2000 	C:\Windows\System32\KERNEL32.DLL
0x00007ffa37700000 - 0x00007ffa379a5000 	C:\Windows\System32\KERNELBASE.dll
0x00007ffa38770000 - 0x00007ffa38813000 	C:\Windows\System32\ADVAPI32.dll
0x00007ffa39300000 - 0x00007ffa3939e000 	C:\Windows\System32\msvcrt.dll
0x00007ffa39260000 - 0x00007ffa392f7000 	C:\Windows\System32\sechost.dll
0x00007ffa37aa0000 - 0x00007ffa37bc0000 	C:\Windows\System32\RPCRT4.dll
0x00007ffa37bc0000 - 0x00007ffa37d54000 	C:\Windows\System32\USER32.dll
0x00007ffa36950000 - 0x00007ffa36971000 	C:\Windows\System32\win32u.dll
0x00007ffa37a70000 - 0x00007ffa37a96000 	C:\Windows\System32\GDI32.dll
0x00007ffa37560000 - 0x00007ffa376f6000 	C:\Windows\System32\gdi32full.dll
0x00007ffa379b0000 - 0x00007ffa37a4e000 	C:\Windows\System32\msvcp_win.dll
0x00007ffa37400000 - 0x00007ffa374fa000 	C:\Windows\System32\ucrtbase.dll
0x00007ffa1d3a0000 - 0x00007ffa1d624000 	C:\Windows\WinSxS\amd64_microsoft.windows.common-controls_6595b64144ccf1df_6.0.18362.1139_none_9e7bf2d3e4605ac6\COMCTL32.dll
0x00007ffa393a0000 - 0x00007ffa396d5000 	C:\Windows\System32\combase.dll
0x00007ffa36b50000 - 0x00007ffa36bd0000 	C:\Windows\System32\bcryptPrimitives.dll
0x00007ffa37de0000 - 0x00007ffa37e0e000 	C:\Windows\System32\IMM32.DLL
0x00007ff9fbbf0000 - 0x00007ff9fc2f5000 	C:\Program Files\McAfee\DLP\Agent\fcagpph64.dll
0x00007ffa37f40000 - 0x00007ffa38627000 	C:\Windows\System32\SHELL32.dll
0x00007ffa36b00000 - 0x00007ffa36b4a000 	C:\Windows\System32\cfgmgr32.dll
0x00007ffa37e20000 - 0x00007ffa37ec9000 	C:\Windows\System32\shcore.dll
0x00007ffa36bd0000 - 0x00007ffa37350000 	C:\Windows\System32\windows.storage.dll
0x00007ffa368d0000 - 0x00007ffa368f3000 	C:\Windows\System32\profapi.dll
0x00007ffa36900000 - 0x00007ffa3694a000 	C:\Windows\System32\powrprof.dll
0x00007ffa36880000 - 0x00007ffa36890000 	C:\Windows\System32\UMPDC.dll
0x00007ffa390c0000 - 0x00007ffa39112000 	C:\Windows\System32\shlwapi.dll
0x00007ffa36890000 - 0x00007ffa368a1000 	C:\Windows\System32\kernel.appcore.dll
0x00007ffa37a50000 - 0x00007ffa37a67000 	C:\Windows\System32\cryptsp.dll
0x00007ffa39820000 - 0x00007ffa39977000 	C:\Windows\System32\ole32.dll
0x00007ffa39120000 - 0x00007ffa391e5000 	C:\Windows\System32\OLEAUT32.dll
0x00007ffa21ae0000 - 0x00007ffa21b69000 	C:\Windows\SYSTEM32\WINSPOOL.DRV
0x00007ffa36ad0000 - 0x00007ffa36af6000 	C:\Windows\System32\bcrypt.dll
0x00007ffa359c0000 - 0x00007ffa359ca000 	C:\Windows\SYSTEM32\VERSION.dll
0x00007ffa2f4f0000 - 0x00007ffa2f5e0000 	C:\Windows\SYSTEM32\PROPSYS.dll
0x00007ffa35d80000 - 0x00007ffa35dba000 	C:\Windows\SYSTEM32\IPHLPAPI.DLL
0x00007ffa36790000 - 0x00007ffa367c7000 	C:\Windows\SYSTEM32\SspiCli.dll
0x00007ffa356c0000 - 0x00007ffa356f1000 	C:\Windows\SYSTEM32\ntmarta.dll
0x00007ffa067b0000 - 0x00007ffa06863000 	C:\Program Files\McAfee\Endpoint Security\Threat Prevention\Ips\EpMPApi.dll
0x00007ffa37500000 - 0x00007ffa3755c000 	C:\Windows\System32\WINTRUST.dll
0x00007ffa368b0000 - 0x00007ffa368c2000 	C:\Windows\System32\MSASN1.dll
0x00007ffa36980000 - 0x00007ffa36ac9000 	C:\Windows\System32\CRYPT32.dll
0x0000000050100000 - 0x000000005010c000 	C:\Program Files\McAfee\Endpoint Security\Threat Prevention\Ips\EpMPThe.dll
0x00007ffa0ceb0000 - 0x00007ffa0cecb000 	C:\Program Files\McAfee\Endpoint Security\Threat Prevention\Ips\HIPHandlers64.dll
0x0000000050300000 - 0x00000000503d2000 	C:\Program Files\Android\Android Studio\jre\jre\bin\msvcr100.dll
0x0000000077280000 - 0x0000000077ac6000 	C:\Program Files\Android\Android Studio\jre\jre\bin\server\jvm.dll
0x00007ffa38760000 - 0x00007ffa38768000 	C:\Windows\System32\PSAPI.DLL
0x00007ffa1b520000 - 0x00007ffa1b529000 	C:\Windows\SYSTEM32\WSOCK32.dll
0x00007ffa391f0000 - 0x00007ffa3925f000 	C:\Windows\System32\WS2_32.dll
0x00007ffa342e0000 - 0x00007ffa34304000 	C:\Windows\SYSTEM32\WINMM.dll
0x00007ffa342b0000 - 0x00007ffa342dd000 	C:\Windows\SYSTEM32\WINMMBASE.dll
0x00007ffa33b40000 - 0x00007ffa33b4f000 	C:\Program Files\Android\Android Studio\jre\jre\bin\verify.dll
0x00007ffa33ab0000 - 0x00007ffa33ad9000 	C:\Program Files\Android\Android Studio\jre\jre\bin\java.dll
0x00007ffa33a70000 - 0x00007ffa33a86000 	C:\Program Files\Android\Android Studio\jre\jre\bin\zip.dll
0x00007ffa33870000 - 0x00007ffa3388a000 	C:\Program Files\Android\Android Studio\jre\jre\bin\net.dll
0x00007ffa36070000 - 0x00007ffa360d7000 	C:\Windows\system32\mswsock.dll
0x00007ffa33850000 - 0x00007ffa33861000 	C:\Program Files\Android\Android Studio\jre\jre\bin\nio.dll
0x00007ffa1d080000 - 0x00007ffa1d0a6000 	D:\Users\stapade\.gradle\native\29\windows-amd64\native-platform.dll
0x00007ffa33aa0000 - 0x00007ffa33aad000 	C:\Program Files\Android\Android Studio\jre\jre\bin\management.dll
0x00007ffa35be0000 - 0x00007ffa35c13000 	C:\Windows\system32\rsaenh.dll
0x00007ffa36760000 - 0x00007ffa36785000 	C:\Windows\SYSTEM32\USERENV.dll
0x00007ffa36240000 - 0x00007ffa3624c000 	C:\Windows\SYSTEM32\CRYPTBASE.dll
0x00000000031a0000 - 0x00000000031a8000 	C:\Windows\System32\NSI.dll
0x00007ffa2ea30000 - 0x00007ffa2ea46000 	C:\Windows\SYSTEM32\dhcpcsvc6.DLL
0x00007ffa2ea10000 - 0x00007ffa2ea2c000 	C:\Windows\SYSTEM32\dhcpcsvc.DLL
0x00007ffa35dc0000 - 0x00007ffa35e8b000 	C:\Windows\SYSTEM32\DNSAPI.dll
0x00007ffa2ece0000 - 0x00007ffa2ecfe000 	D:\Users\stapade\AppData\Local\Temp\native-platform9216137957153815924dir\native-platform.dll

VM Arguments:
jvm_args: -Xmx1536m -Dfile.encoding=windows-1252 -Duser.country=US -Duser.language=en -Duser.variant 
java_command: org.gradle.launcher.daemon.bootstrap.GradleDaemon 5.4.1
java_class_path (initial): D:\Users\stapade\.gradle\wrapper\dists\gradle-5.4.1-all\3221gyojl5jsh0helicew7rwx\gradle-5.4.1\lib\gradle-launcher-5.4.1.jar
Launcher Type: SUN_STANDARD

Environment Variables:
JAVA_HOME=C:\Program Files\Java
PATH=C:\Windows\system32;C:\Windows;C:\Windows\System32\Wbem;C:\Windows\System32\WindowsPowerShell\v1.0\;C:\Windows\System32\OpenSSH\;C:\Program Files\Intel\WiFi\bin\;C:\Program Files\Common Files\Intel\WirelessCommon\;C:\Program Files\PuTTY\;C:\Program Files\Java\bin;C:\Program Files\nodejs\;D:\Users\stapade\AppData\Local\Microsoft\WindowsApps;D:\Users\stapade\AppData\Roaming\npm;D:\Users\stapade\AppData\Local\Programs\Git\cmd
USERNAME=stapade
OS=Windows_NT
PROCESSOR_IDENTIFIER=Intel64 Family 6 Model 142 Stepping 11, GenuineIntel



---------------  S Y S T E M  ---------------

OS: Windows 10.0 , 64 bit Build 18362 (10.0.18362.1110)

CPU:total 8 (initial active 8) (4 cores per cpu, 2 threads per core) family 6 model 142 stepping 11, cmov, cx8, fxsr, mmx, sse, sse2, sse3, ssse3, sse4.1, sse4.2, popcnt, avx, avx2, aes, clmul, erms, 3dnowpref, lzcnt, ht, tsc, tscinvbit, bmi1, bmi2, adx

Memory: 4k page, physical 16551892k(1537540k free), swap 16551892k(6000k free)

vm_info: OpenJDK 64-Bit Server VM (25.202-b03) for windows-amd64 JRE (1.8.0_202-release-1483-b03), built by "builder" with MS VC++ 10.0 (VS2010)

time: Fri Oct 23 15:09:12 2020
timezone: India Standard Time
elapsed time: 113 seconds (0d 0h 1m 53s)

